
Date: Fri Nov 25 14:13:17 EET 2022
Level :INFO
Class:com.example.javafxtest.SeasonFlowersSceneController Method name: initialize
Message: Було ініціалізовано дані таблиці.

Date: Fri Nov 25 14:13:17 EET 2022
Level :INFO
Class:com.example.javafxtest.MainController Method name: switchToSeasonFlowerScene
Message: Перехід до вікна сезонних квітів

Date: Fri Nov 25 14:14:34 EET 2022
Level :INFO
Class:com.example.javafxtest.SeasonFlowersSceneController Method name: updateFlower
Message: Неможливо модифікувати квітку, що вже є в букеті.

Date: Fri Nov 25 14:15:11 EET 2022
Level :INFO
Class:com.example.javafxtest.SeasonFlowersSceneController Method name: deleteFlower
Message: Не вдалося видалити квітку оскільки вона є в букеті.

Date: Fri Nov 25 14:17:16 EET 2022
Level :INFO
Class:com.example.javafxtest.SeasonFlowersSceneController Method name: clearInput
Message: Було очищено поля вводу.

Date: Fri Nov 25 14:17:16 EET 2022
Level :INFO
Class:com.example.javafxtest.SeasonFlowersSceneController Method name: clearInput
Message: Було очищено поля вводу.

Date: Fri Nov 25 14:17:16 EET 2022
Level :INFO
Class:com.example.javafxtest.SeasonFlowersSceneController Method name: clearInput
Message: Було очищено поля вводу.

Date: Fri Nov 25 14:17:16 EET 2022
Level :INFO
Class:com.example.javafxtest.SeasonFlowersSceneController Method name: clearInput
Message: Було очищено поля вводу.

Date: Fri Nov 25 14:17:16 EET 2022
Level :INFO
Class:com.example.javafxtest.SeasonFlowersSceneController Method name: clearInput
Message: Було очищено поля вводу.

Date: Fri Nov 25 14:17:19 EET 2022
Level :INFO
Class:com.example.javafxtest.SeasonFlowersSceneController Method name: refreshData
Message: Оновлено дані в таблиці

Date: Fri Nov 25 14:18:03 EET 2022
Level :INFO
Class:com.example.javafxtest.SeasonFlowersSceneController Method name: refreshData
Message: Оновлено дані в таблиці

Date: Fri Nov 25 14:18:39 EET 2022
Level :INFO
Class:com.example.javafxtest.SeasonFlowersSceneController Method name: refreshData
Message: Оновлено дані в таблиці

Date: Fri Nov 25 14:18:58 EET 2022
Level :INFO
Class:com.example.javafxtest.SeasonFlowersSceneController Method name: switchToScene1
Message: Перехід в основне меню.

Date: Fri Nov 25 14:18:59 EET 2022
Level :INFO
Class:com.example.javafxtest.TropicalFlowerSceneController Method name: initialize
Message: Було ініціалізовано таблицю.

Date: Fri Nov 25 14:18:59 EET 2022
Level :INFO
Class:com.example.javafxtest.MainController Method name: switchToTropicalFlowerScene
Message: Перехід до вікна тропічних квітів

Date: Fri Nov 25 14:20:45 EET 2022
Level :INFO
Class:com.example.javafxtest.TropicalFlowerSceneController Method name: clearInput
Message: Було очищено поля вводу.

Date: Fri Nov 25 14:20:45 EET 2022
Level :INFO
Class:com.example.javafxtest.TropicalFlowerSceneController Method name: clearInput
Message: Було очищено поля вводу.

Date: Fri Nov 25 14:20:45 EET 2022
Level :INFO
Class:com.example.javafxtest.TropicalFlowerSceneController Method name: clearInput
Message: Було очищено поля вводу.

Date: Fri Nov 25 14:21:10 EET 2022
Level :INFO
Class:com.example.javafxtest.TropicalFlowerSceneController Method name: deleteFlower
Message: Було видалено квітку квітку з id: 1

Date: Fri Nov 25 14:21:30 EET 2022
Level :INFO
Class:com.example.javafxtest.TropicalFlowerSceneController Method name: updateFlower
Message: Квітку було видалено оскільки вона зів'яла

Date: Fri Nov 25 14:22:34 EET 2022
Level :INFO
Class:com.example.javafxtest.TropicalFlowerSceneController Method name: switchToMainScene
Message: Перехід до основного меню.

Date: Fri Nov 25 14:22:34 EET 2022
Level :INFO
Class:com.example.javafxtest.BouquetsController Method name: initialize
Message: Було ініціалізовано таблицю букетів.

Date: Fri Nov 25 14:22:34 EET 2022
Level :INFO
Class:com.example.javafxtest.MainController Method name: switchToBouquetsScene
Message: Перехід до вікна букетів

Date: Fri Nov 25 14:23:06 EET 2022
Level :INFO
Class:com.example.javafxtest.BouquetsController Method name: initSeasonFlowersList
Message: Було згенеровано список сезонних квітів

Date: Fri Nov 25 14:23:06 EET 2022
Level :INFO
Class:com.example.javafxtest.BouquetsController Method name: initTropicalFlowersList
Message: Було згенеровано список тропічних квітів

Date: Fri Nov 25 14:23:06 EET 2022
Level :INFO
Class:com.example.javafxtest.BouquetsController Method name: setFlowerTableColumns
Message: Було ініціалізовано таблицю квітів.

Date: Fri Nov 25 14:23:33 EET 2022
Level :INFO
Class:com.example.javafxtest.BouquetsController Method name: switchToMainScene
Message: Перехід в основне меню.

Date: Fri Nov 25 14:23:34 EET 2022
Level :INFO
Class:com.example.javafxtest.BouquetsController Method name: initialize
Message: Було ініціалізовано таблицю букетів.

Date: Fri Nov 25 14:23:34 EET 2022
Level :INFO
Class:com.example.javafxtest.MainController Method name: switchToBouquetsScene
Message: Перехід до вікна букетів

Date: Fri Nov 25 14:25:48 EET 2022
Level :INFO
Class:com.example.javafxtest.BouquetsController Method name: updateFlowersInBouquet
Message: Було оновлено квіти в базі

Date: Fri Nov 25 14:25:48 EET 2022
Level :INFO
Class:com.example.javafxtest.BouquetsController Method name: updateFlowersInBouquet
Message: Було оновлено квіти в базі

Date: Fri Nov 25 14:25:48 EET 2022
Level :INFO
Class:com.example.javafxtest.BouquetsController Method name: updateFlowersInBouquet
Message: Було оновлено квіти в базі

Date: Fri Nov 25 14:25:48 EET 2022
Level :INFO
Class:com.example.javafxtest.BouquetsController Method name: updateFlowersInBouquet
Message: Було оновлено квіти в базі

Date: Fri Nov 25 14:25:48 EET 2022
Level :INFO
Class:com.example.javafxtest.BouquetsController Method name: updateFlowersInBouquet
Message: Було оновлено квіти в базі

Date: Fri Nov 25 14:25:48 EET 2022
Level :INFO
Class:com.example.javafxtest.BouquetsController Method name: updateFlowersInBouquet
Message: Було оновлено квіти в базі

Date: Fri Nov 25 14:25:48 EET 2022
Level :INFO
Class:com.example.javafxtest.BouquetsController Method name: updateFlowersInBouquet
Message: Було оновлено квіти в базі

Date: Fri Nov 25 14:25:48 EET 2022
Level :INFO
Class:com.example.javafxtest.BouquetsController Method name: updateFlowersInBouquet
Message: Було оновлено квіти в базі

Date: Fri Nov 25 14:27:05 EET 2022
Level :INFO
Class:com.example.javafxtest.BouquetsController Method name: initTropicalFlowersList
Message: Було згенеровано список тропічних квітів

Date: Fri Nov 25 14:27:05 EET 2022
Level :INFO
Class:com.example.javafxtest.BouquetsController Method name: setFlowerTableColumns
Message: Було ініціалізовано таблицю квітів.

Date: Fri Nov 25 14:29:34 EET 2022
Level :INFO
Class:com.example.javafxtest.BouquetsController Method name: clearInput
Message: Було очищено поля вводу.

Date: Fri Nov 25 14:29:43 EET 2022
Level :INFO
Class:com.example.javafxtest.BouquetsController Method name: deleteBouquet
Message: Було видалено букет з id: 2

Date: Fri Nov 25 14:53:13 EET 2022
Level :INFO
Class:com.example.javafxtest.BouquetsController Method name: switchToMainScene
Message: Перехід в основне меню.

Date: Fri Nov 25 14:53:15 EET 2022
Level :INFO
Class:com.example.javafxtest.MainController Method name: logout
Message: Роботу програми завершено.
